Using pre-set license
Built from '2020.3/staging' branch; Version is '2020.3.4f1 (0abb6314276a) revision 703331'; Using compiler version '192528614'; Build Type 'Release'
OS: 'Windows 10 Home Single Language; OS build 19042.1466; Version 2009; 64bit' Language: 'en' Physical Memory: 15305 MB
BatchMode: 1, IsHumanControllingUs: 0, StartBugReporterOnCrash: 0, Is64bit: 1, IsPro: 0

 COMMAND LINE ARGUMENTS:
C:\Program Files\Unity\Hub\Editor\2020.3.4f1\Editor\Unity.exe
-adb2
-batchMode
-noUpm
-name
AssetImportWorker0
-projectPath
C:/Users/haitsam/Documents/unity/cosmosphere
-logFile
Logs/AssetImportWorker0.log
-srvPort
64979
Successfully changed project path to: C:/Users/haitsam/Documents/unity/cosmosphere
C:/Users/haitsam/Documents/unity/cosmosphere
Using Asset Import Pipeline V2.
Refreshing native plugins compatible for Editor in 104.05 ms, found 4 plugins.
Preloading 0 native plugins for Editor in 0.00 ms.
Initialize engine version: 2020.3.4f1 (0abb6314276a)
[Subsystems] Discovering subsystems at path C:/Program Files/Unity/Hub/Editor/2020.3.4f1/Editor/Data/Resources/UnitySubsystems
[Subsystems] Discovering subsystems at path C:/Users/haitsam/Documents/unity/cosmosphere/Assets
GfxDevice: creating device client; threaded=0
Direct3D:
    Version:  Direct3D 11.0 [level 11.1]
    Renderer: AMD Radeon(TM) Vega 8 Mobile Graphics (ID=0x15dd)
    Vendor:   
    VRAM:     7652 MB
    Driver:   27.20.22002.57
Shader 'Universal Render Pipeline/Particles/Lit': fallback shader 'Universal Render Pipeline/Particles/SimpleLit' not found
Initialize mono
Mono path[0] = 'C:/Program Files/Unity/Hub/Editor/2020.3.4f1/Editor/Data/Managed'
Mono path[1] = 'C:/Program Files/Unity/Hub/Editor/2020.3.4f1/Editor/Data/MonoBleedingEdge/lib/mono/unityjit'
Mono config path = 'C:/Program Files/Unity/Hub/Editor/2020.3.4f1/Editor/Data/MonoBleedingEdge/etc'
Using monoOptions --debugger-agent=transport=dt_socket,embedding=1,server=y,suspend=n,address=127.0.0.1:56540
Begin MonoManager ReloadAssembly
Registering precompiled unity dll's ...
Register platform support module: C:/Program Files/Unity/Hub/Editor/2020.3.4f1/Editor/Data/PlaybackEngines/WebGLSupport/UnityEditor.WebGL.Extensions.dll
Register platform support module: C:/Program Files/Unity/Hub/Editor/2020.3.4f1/Editor/Data/PlaybackEngines/WindowsStandaloneSupport/UnityEditor.WindowsStandalone.Extensions.dll
Register platform support module: C:/Program Files/Unity/Hub/Editor/2020.3.4f1/Editor/Data/PlaybackEngines/LinuxStandaloneSupport/UnityEditor.LinuxStandalone.Extensions.dll
Registered in 0.007425 seconds.
Native extension for LinuxStandalone target not found
Native extension for WindowsStandalone target not found
Native extension for WebGL target not found
Refreshing native plugins compatible for Editor in 108.58 ms, found 4 plugins.
Preloading 0 native plugins for Editor in 0.00 ms.
Mono: successfully reloaded assembly
- Completed reload, in  2.315 seconds
Platform modules already initialized, skipping
Registering precompiled user dll's ...
Registered in 0.003549 seconds.
Begin MonoManager ReloadAssembly
Native extension for LinuxStandalone target not found
Native extension for WindowsStandalone target not found
Native extension for WebGL target not found
Refreshing native plugins compatible for Editor in 105.02 ms, found 4 plugins.
Preloading 0 native plugins for Editor in 0.00 ms.
Mono: successfully reloaded assembly
- Completed reload, in  1.853 seconds
Platform modules already initialized, skipping
========================================================================
Worker process is ready to serve import requests
Shader 'Universal Render Pipeline/Particles/Lit': fallback shader 'Universal Render Pipeline/Particles/SimpleLit' not found
Launched and connected shader compiler UnityShaderCompiler.exe after 0.06 seconds
Refreshing native plugins compatible for Editor in 1.48 ms, found 4 plugins.
Preloading 0 native plugins for Editor in 0.00 ms.
Unloading 3550 Unused Serialized files (Serialized files now loaded: 0)
System memory in use before: 167.7 MB.
System memory in use after: 167.8 MB.

Unloading 34 unused Assets to reduce memory usage. Loaded Objects now: 4007.
Total: 4.677900 ms (FindLiveObjects: 0.473900 ms CreateObjectMapping: 0.226900 ms MarkObjects: 3.753000 ms  DeleteObjects: 0.221800 ms)

========================================================================
Received Import Request.
  path: Assets/Prefabs/Enemies/Enemy_Mech.prefab
  artifactKey: Guid(f14f99efcb75fce44898badbadefa4f8) Importer(815301076,1909f56bfc062723c751e8b465ee728b)
Start importing Assets/Prefabs/Enemies/Enemy_Mech.prefab using Guid(f14f99efcb75fce44898badbadefa4f8) Importer(815301076,1909f56bfc062723c751e8b465ee728b)  -> (artifact id: '7d69b82672da2a9bde716304628cf2ec') in 0.590942 seconds
  Import took 0.607472 seconds .

========================================================================
Received Import Request.
  Time since last request: 0.000420 seconds.
  path: Assets/Prefabs/Enemies/Boss/elitar_concept.prefab
  artifactKey: Guid(0b4f81c4d9db90a43b4a81ddbb2c68c3) Importer(815301076,1909f56bfc062723c751e8b465ee728b)
Start importing Assets/Prefabs/Enemies/Boss/elitar_concept.prefab using Guid(0b4f81c4d9db90a43b4a81ddbb2c68c3) Importer(815301076,1909f56bfc062723c751e8b465ee728b)  -> (artifact id: '96270d9b55bb1034c095c5f87ec83303') in 0.064840 seconds
  Import took 0.075242 seconds .

========================================================================
Received Import Request.
  Time since last request: 7.796030 seconds.
  path: Assets/Prefabs/Enemies/Boss/elitar_concept.prefab
  artifactKey: Guid(0b4f81c4d9db90a43b4a81ddbb2c68c3) Importer(815301076,1909f56bfc062723c751e8b465ee728b)
Start importing Assets/Prefabs/Enemies/Boss/elitar_concept.prefab using Guid(0b4f81c4d9db90a43b4a81ddbb2c68c3) Importer(815301076,1909f56bfc062723c751e8b465ee728b)  -> (artifact id: '949cdf3a0854214fd421ded70f83c13c') in 0.047085 seconds
  Import took 0.059559 seconds .

========================================================================
Received Import Request.
  Time since last request: 9.310735 seconds.
  path: Assets/Prefabs/Enemies/Boss/elitar_concept.prefab
  artifactKey: Guid(0b4f81c4d9db90a43b4a81ddbb2c68c3) Importer(815301076,1909f56bfc062723c751e8b465ee728b)
Start importing Assets/Prefabs/Enemies/Boss/elitar_concept.prefab using Guid(0b4f81c4d9db90a43b4a81ddbb2c68c3) Importer(815301076,1909f56bfc062723c751e8b465ee728b)  -> (artifact id: '91e6c08ac7e6ece6b286f673830aa504') in 0.057463 seconds
  Import took 0.070268 seconds .

========================================================================
Received Import Request.
  Time since last request: 5.041391 seconds.
  path: Assets/Prefabs/Enemies/Boss/elitar_concept.prefab
  artifactKey: Guid(0b4f81c4d9db90a43b4a81ddbb2c68c3) Importer(815301076,1909f56bfc062723c751e8b465ee728b)
Start importing Assets/Prefabs/Enemies/Boss/elitar_concept.prefab using Guid(0b4f81c4d9db90a43b4a81ddbb2c68c3) Importer(815301076,1909f56bfc062723c751e8b465ee728b)  -> (artifact id: '52f04608ed78aba415080cac8b29fcc3') in 0.059543 seconds
  Import took 0.071139 seconds .

========================================================================
Received Import Request.
  Time since last request: 5.489493 seconds.
  path: Assets/Prefabs/Enemies/Boss/elitar_concept.prefab
  artifactKey: Guid(0b4f81c4d9db90a43b4a81ddbb2c68c3) Importer(815301076,1909f56bfc062723c751e8b465ee728b)
Start importing Assets/Prefabs/Enemies/Boss/elitar_concept.prefab using Guid(0b4f81c4d9db90a43b4a81ddbb2c68c3) Importer(815301076,1909f56bfc062723c751e8b465ee728b)  -> (artifact id: '13ec9abadf827f5761eba8ceb3f6e4b3') in 0.057497 seconds
  Import took 0.071901 seconds .

========================================================================
Received Import Request.
  Time since last request: 286.299328 seconds.
  path: Assets/Prefabs/Enemies/Planes/Corvette_Type1.prefab
  artifactKey: Guid(f26404c0d2938e94abd008fd0b14da0b) Importer(815301076,1909f56bfc062723c751e8b465ee728b)
Start importing Assets/Prefabs/Enemies/Planes/Corvette_Type1.prefab using Guid(f26404c0d2938e94abd008fd0b14da0b) Importer(815301076,1909f56bfc062723c751e8b465ee728b)  -> (artifact id: 'e16d13c7dcedc04cfa7a01647920a1d9') in 0.072480 seconds
  Import took 0.085205 seconds .

========================================================================
Received Import Request.
  Time since last request: 0.000469 seconds.
  path: Assets/Prefabs/Enemies/Planes/Flatliner_Type1.prefab
  artifactKey: Guid(066ec995eb0cb9c47b3e90354d0197e1) Importer(815301076,1909f56bfc062723c751e8b465ee728b)
Start importing Assets/Prefabs/Enemies/Planes/Flatliner_Type1.prefab using Guid(066ec995eb0cb9c47b3e90354d0197e1) Importer(815301076,1909f56bfc062723c751e8b465ee728b)  -> (artifact id: '4ed622bc003a3b4ce4bb7e50810814a3') in 0.106403 seconds
  Import took 0.118768 seconds .

========================================================================
Received Import Request.
  Time since last request: 0.000480 seconds.
  path: Assets/Prefabs/Enemies/Planes/Siner_Enemy.prefab
  artifactKey: Guid(c398e0a5efc4423448d55b476d0ddd85) Importer(815301076,1909f56bfc062723c751e8b465ee728b)
Start importing Assets/Prefabs/Enemies/Planes/Siner_Enemy.prefab using Guid(c398e0a5efc4423448d55b476d0ddd85) Importer(815301076,1909f56bfc062723c751e8b465ee728b)  -> (artifact id: 'e67142cb54bb09b9f879e51d2294bb02') in 0.072018 seconds
  Import took 0.089909 seconds .

========================================================================
Received Prepare
Registering precompiled user dll's ...
Registered in 0.005831 seconds.
Begin MonoManager ReloadAssembly
Native extension for LinuxStandalone target not found
Native extension for WindowsStandalone target not found
Native extension for WebGL target not found
Refreshing native plugins compatible for Editor in 1.04 ms, found 4 plugins.
Preloading 0 native plugins for Editor in 0.00 ms.
Mono: successfully reloaded assembly
- Completed reload, in  1.741 seconds
Platform modules already initialized, skipping
Shader 'Universal Render Pipeline/Particles/Lit': fallback shader 'Universal Render Pipeline/Particles/SimpleLit' not found
Refreshing native plugins compatible for Editor in 1.90 ms, found 4 plugins.
Preloading 0 native plugins for Editor in 0.00 ms.
Unloading 3423 Unused Serialized files (Serialized files now loaded: 0)
System memory in use before: 164.6 MB.
System memory in use after: 164.7 MB.

Unloading 21 unused Assets to reduce memory usage. Loaded Objects now: 4074.
Total: 6.949800 ms (FindLiveObjects: 0.637500 ms CreateObjectMapping: 0.228400 ms MarkObjects: 5.823000 ms  DeleteObjects: 0.258800 ms)

========================================================================
Received Import Request.
  Time since last request: 12.729110 seconds.
  path: Assets/Prefabs/Enemies/Boss/elitar_concept.prefab
  artifactKey: Guid(0b4f81c4d9db90a43b4a81ddbb2c68c3) Importer(815301076,1909f56bfc062723c751e8b465ee728b)
Start importing Assets/Prefabs/Enemies/Boss/elitar_concept.prefab using Guid(0b4f81c4d9db90a43b4a81ddbb2c68c3) Importer(815301076,1909f56bfc062723c751e8b465ee728b)  -> (artifact id: 'bbf852c6c5bf739f82e066882d9ee1cb') in 0.465573 seconds
  Import took 0.478469 seconds .

========================================================================
Received Import Request.
  Time since last request: 0.930832 seconds.
  path: Assets/Prefabs/Enemies/Boss/elitar_concept.prefab
  artifactKey: Guid(0b4f81c4d9db90a43b4a81ddbb2c68c3) Importer(815301076,1909f56bfc062723c751e8b465ee728b)
Start importing Assets/Prefabs/Enemies/Boss/elitar_concept.prefab using Guid(0b4f81c4d9db90a43b4a81ddbb2c68c3) Importer(815301076,1909f56bfc062723c751e8b465ee728b)  -> (artifact id: '53d8f603a1861ef88d3a5cf3cc7b8109') in 0.066205 seconds
  Import took 0.081421 seconds .

========================================================================
Received Import Request.
  Time since last request: 7.697774 seconds.
  path: Assets/Prefabs/Enemies/Boss/elitar_concept.prefab
  artifactKey: Guid(0b4f81c4d9db90a43b4a81ddbb2c68c3) Importer(815301076,1909f56bfc062723c751e8b465ee728b)
Start importing Assets/Prefabs/Enemies/Boss/elitar_concept.prefab using Guid(0b4f81c4d9db90a43b4a81ddbb2c68c3) Importer(815301076,1909f56bfc062723c751e8b465ee728b)  -> (artifact id: '640885a4ea07e36c75ed2e71d28fa42f') in 0.090986 seconds
  Import took 0.113907 seconds .

========================================================================
Received Import Request.
  Time since last request: 5.026826 seconds.
  path: Assets/Prefabs/Enemies/Boss/elitar_concept.prefab
  artifactKey: Guid(0b4f81c4d9db90a43b4a81ddbb2c68c3) Importer(815301076,1909f56bfc062723c751e8b465ee728b)
Start importing Assets/Prefabs/Enemies/Boss/elitar_concept.prefab using Guid(0b4f81c4d9db90a43b4a81ddbb2c68c3) Importer(815301076,1909f56bfc062723c751e8b465ee728b)  -> (artifact id: 'f699597866c2d3750e8ce3d5101c5f7c') in 0.088201 seconds
  Import took 0.126907 seconds .

========================================================================
Received Import Request.
  Time since last request: 3747.579140 seconds.
  path: Assets/Scenes/MainMenu.unity
  artifactKey: Guid(2b56c7fc13e75764e9a499231fd16781) Importer(815301076,1909f56bfc062723c751e8b465ee728b)
Start importing Assets/Scenes/MainMenu.unity using Guid(2b56c7fc13e75764e9a499231fd16781) Importer(815301076,1909f56bfc062723c751e8b465ee728b)  -> (artifact id: '29cb7fef994e2de22ea4cf998bf8bfad') in 0.022481 seconds
  Import took 0.065138 seconds .

========================================================================
Received Prepare
Registering precompiled user dll's ...
Registered in 0.005787 seconds.
Begin MonoManager ReloadAssembly
Native extension for LinuxStandalone target not found
Native extension for WindowsStandalone target not found
Native extension for WebGL target not found
Refreshing native plugins compatible for Editor in 1.08 ms, found 4 plugins.
Preloading 0 native plugins for Editor in 0.00 ms.
Mono: successfully reloaded assembly
- Completed reload, in  1.896 seconds
Platform modules already initialized, skipping
Shader 'Universal Render Pipeline/Particles/Lit': fallback shader 'Universal Render Pipeline/Particles/SimpleLit' not found
Refreshing native plugins compatible for Editor in 4.34 ms, found 4 plugins.
Preloading 0 native plugins for Editor in 0.00 ms.
Unloading 3423 Unused Serialized files (Serialized files now loaded: 0)
System memory in use before: 164.8 MB.
System memory in use after: 164.9 MB.

Unloading 21 unused Assets to reduce memory usage. Loaded Objects now: 4114.
Total: 17.236900 ms (FindLiveObjects: 2.064200 ms CreateObjectMapping: 1.032800 ms MarkObjects: 13.516700 ms  DeleteObjects: 0.613900 ms)

========================================================================
Received Import Request.
  Time since last request: 317.953553 seconds.
  path: Assets/Sprites/UI
  artifactKey: Guid(9d470c6bb923ef04596d22c9075f145d) Importer(815301076,1909f56bfc062723c751e8b465ee728b)
Start importing Assets/Sprites/UI using Guid(9d470c6bb923ef04596d22c9075f145d) Importer(815301076,1909f56bfc062723c751e8b465ee728b)  -> (artifact id: 'b8efe88b2f30875ef40174fa5d5f0b05') in 0.021830 seconds
  Import took 0.033481 seconds .

========================================================================
Received Import Request.
  Time since last request: 6.121763 seconds.
  path: Assets/Sprites/UI/button cursor.png
  artifactKey: Guid(5f8a36d22116b3f4bb61946b61898df3) Importer(815301076,1909f56bfc062723c751e8b465ee728b)
Start importing Assets/Sprites/UI/button cursor.png using Guid(5f8a36d22116b3f4bb61946b61898df3) Importer(815301076,1909f56bfc062723c751e8b465ee728b)  -> (artifact id: '4edaee4965bbea5c5aec868d32d810ca') in 0.140043 seconds
  Import took 0.149227 seconds .

========================================================================
Received Import Request.
  Time since last request: 0.000452 seconds.
  path: Assets/Sprites/UI/button select.png
  artifactKey: Guid(0b0475e10879a614b8a7d58807db338f) Importer(815301076,1909f56bfc062723c751e8b465ee728b)
Start importing Assets/Sprites/UI/button select.png using Guid(0b0475e10879a614b8a7d58807db338f) Importer(815301076,1909f56bfc062723c751e8b465ee728b)  -> (artifact id: '7561642880eb54e0ea8c24f858dbc208') in 0.041815 seconds
  Import took 0.050294 seconds .

========================================================================
Received Import Request.
  Time since last request: 0.000258 seconds.
  path: Assets/Sprites/UI/button1.png
  artifactKey: Guid(096e6fb3d7a8979458c74e33d5aa75f2) Importer(815301076,1909f56bfc062723c751e8b465ee728b)
Start importing Assets/Sprites/UI/button1.png using Guid(096e6fb3d7a8979458c74e33d5aa75f2) Importer(815301076,1909f56bfc062723c751e8b465ee728b)  -> (artifact id: '4579d217c40ca68aace7e208a33c2149') in 0.051670 seconds
  Import took 0.065564 seconds .

========================================================================
Received Import Request.
  Time since last request: 0.000393 seconds.
  path: Assets/Sprites/UI/button select.png
  artifactKey: Guid(0b0475e10879a614b8a7d58807db338f) Importer(815301076,1909f56bfc062723c751e8b465ee728b)
Start importing Assets/Sprites/UI/button select.png using Guid(0b0475e10879a614b8a7d58807db338f) Importer(815301076,1909f56bfc062723c751e8b465ee728b)  -> (artifact id: '7561642880eb54e0ea8c24f858dbc208') in 0.039098 seconds
  Import took 0.048137 seconds .

========================================================================
Received Import Request.
  Time since last request: 5.768306 seconds.
  path: Assets/Sprites/Logo_Concept2.png
  artifactKey: Guid(fc960b179b4508f4b86231e0e84d1e16) Importer(815301076,1909f56bfc062723c751e8b465ee728b)
Start importing Assets/Sprites/Logo_Concept2.png using Guid(fc960b179b4508f4b86231e0e84d1e16) Importer(815301076,1909f56bfc062723c751e8b465ee728b)  -> (artifact id: '3ed5a5853de8886375e98478b1e252be') in 0.027788 seconds
  Import took 0.038977 seconds .

========================================================================
Received Import Request.
  Time since last request: 0.010108 seconds.
  path: Assets/Sprites/Logo_Concept2.png
  artifactKey: Guid(fc960b179b4508f4b86231e0e84d1e16) Importer(815301076,1909f56bfc062723c751e8b465ee728b)
Start importing Assets/Sprites/Logo_Concept2.png using Guid(fc960b179b4508f4b86231e0e84d1e16) Importer(815301076,1909f56bfc062723c751e8b465ee728b)  -> (artifact id: '3ed5a5853de8886375e98478b1e252be') in 0.018798 seconds
  Import took 0.027459 seconds .

========================================================================
Received Import Request.
  Time since last request: 224.081908 seconds.
  path: Assets/Sprites/Logo_Concept2 1.png
  artifactKey: Guid(d7599a340439c3e449a5981b33268907) Importer(815301076,1909f56bfc062723c751e8b465ee728b)
Start importing Assets/Sprites/Logo_Concept2 1.png using Guid(d7599a340439c3e449a5981b33268907) Importer(815301076,1909f56bfc062723c751e8b465ee728b)  -> (artifact id: '05d2ee527d254b4df959b4d7265c6d5c') in 0.078698 seconds
  Import took 0.088025 seconds .

========================================================================
Received Import Request.
  Time since last request: 149.762542 seconds.
  path: Assets/Sprites/UI/button1.png
  artifactKey: Guid(096e6fb3d7a8979458c74e33d5aa75f2) Importer(815301076,1909f56bfc062723c751e8b465ee728b)
Start importing Assets/Sprites/UI/button1.png using Guid(096e6fb3d7a8979458c74e33d5aa75f2) Importer(815301076,1909f56bfc062723c751e8b465ee728b)  -> (artifact id: '8e952d2c155640a2574c958f2eecaf60') in 0.068485 seconds
  Import took 0.080453 seconds .

========================================================================
Received Import Request.
  Time since last request: 6.270387 seconds.
  path: Assets/Sprites/UI/button1.png
  artifactKey: Guid(096e6fb3d7a8979458c74e33d5aa75f2) Importer(815301076,1909f56bfc062723c751e8b465ee728b)
Start importing Assets/Sprites/UI/button1.png using Guid(096e6fb3d7a8979458c74e33d5aa75f2) Importer(815301076,1909f56bfc062723c751e8b465ee728b)  -> (artifact id: '67a6335b0470532599fcf44b98dfd4c6') in 0.140464 seconds
  Import took 0.151757 seconds .

========================================================================
Received Import Request.
  Time since last request: 13.276731 seconds.
  path: Assets/Sprites/UI/button1.png
  artifactKey: Guid(096e6fb3d7a8979458c74e33d5aa75f2) Importer(815301076,1909f56bfc062723c751e8b465ee728b)
Start importing Assets/Sprites/UI/button1.png using Guid(096e6fb3d7a8979458c74e33d5aa75f2) Importer(815301076,1909f56bfc062723c751e8b465ee728b)  -> (artifact id: 'cea713bc96042e881578e148378a773a') in 0.063965 seconds
  Import took 0.077567 seconds .

========================================================================
Received Import Request.
  Time since last request: 9.725691 seconds.
  path: Assets/Sprites/UI/button1.png
  artifactKey: Guid(096e6fb3d7a8979458c74e33d5aa75f2) Importer(815301076,1909f56bfc062723c751e8b465ee728b)
Start importing Assets/Sprites/UI/button1.png using Guid(096e6fb3d7a8979458c74e33d5aa75f2) Importer(815301076,1909f56bfc062723c751e8b465ee728b)  -> (artifact id: 'a6d56f47c3915aa5e6c9e78f9d814721') in 0.062967 seconds
  Import took 0.074954 seconds .

========================================================================
Received Import Request.
  Time since last request: 2278.919206 seconds.
  path: Assets/Sprites/UI/download.png
  artifactKey: Guid(14a4426b5543f3843b111ff88eaabe4f) Importer(815301076,1909f56bfc062723c751e8b465ee728b)
Start importing Assets/Sprites/UI/download.png using Guid(14a4426b5543f3843b111ff88eaabe4f) Importer(815301076,1909f56bfc062723c751e8b465ee728b)  -> (artifact id: 'd46c570dcc57dbb1a28c2ef70f546cb5') in 0.034465 seconds
  Import took 0.046297 seconds .

========================================================================
Received Import Request.
  Time since last request: 860.637381 seconds.
  path: Assets/Sprites/UI/download 1.png
  artifactKey: Guid(ad72747cd7ac3a24888ce9c4f4eda5ad) Importer(815301076,1909f56bfc062723c751e8b465ee728b)
Start importing Assets/Sprites/UI/download 1.png using Guid(ad72747cd7ac3a24888ce9c4f4eda5ad) Importer(815301076,1909f56bfc062723c751e8b465ee728b)  -> (artifact id: '5a374abe9d713ba81e66482aa6184d90') in 0.031761 seconds
  Import took 0.043130 seconds .

========================================================================
Received Prepare
Registering precompiled user dll's ...
Registered in 0.003354 seconds.
Begin MonoManager ReloadAssembly
Native extension for LinuxStandalone target not found
Native extension for WindowsStandalone target not found
Native extension for WebGL target not found
Refreshing native plugins compatible for Editor in 1.54 ms, found 4 plugins.
Preloading 0 native plugins for Editor in 0.00 ms.
Mono: successfully reloaded assembly
- Completed reload, in  2.073 seconds
Platform modules already initialized, skipping
Shader 'Universal Render Pipeline/Particles/Lit': fallback shader 'Universal Render Pipeline/Particles/SimpleLit' not found
Refreshing native plugins compatible for Editor in 0.89 ms, found 4 plugins.
Preloading 0 native plugins for Editor in 0.00 ms.
Unloading 3423 Unused Serialized files (Serialized files now loaded: 0)
System memory in use before: 164.9 MB.
System memory in use after: 165.0 MB.

Unloading 20 unused Assets to reduce memory usage. Loaded Objects now: 4127.
Total: 5.913000 ms (FindLiveObjects: 0.546200 ms CreateObjectMapping: 0.235300 ms MarkObjects: 4.919100 ms  DeleteObjects: 0.210300 ms)

========================================================================
Received Prepare
Registering precompiled user dll's ...
Registered in 0.006115 seconds.
Begin MonoManager ReloadAssembly
Native extension for LinuxStandalone target not found
Native extension for WindowsStandalone target not found
Native extension for WebGL target not found
Refreshing native plugins compatible for Editor in 0.94 ms, found 4 plugins.
Preloading 0 native plugins for Editor in 0.00 ms.
Mono: successfully reloaded assembly
- Completed reload, in  2.098 seconds
Platform modules already initialized, skipping
Shader 'Universal Render Pipeline/Particles/Lit': fallback shader 'Universal Render Pipeline/Particles/SimpleLit' not found
Refreshing native plugins compatible for Editor in 1.20 ms, found 4 plugins.
Preloading 0 native plugins for Editor in 0.00 ms.
Unloading 3423 Unused Serialized files (Serialized files now loaded: 0)
System memory in use before: 164.9 MB.
System memory in use after: 165.0 MB.

Unloading 20 unused Assets to reduce memory usage. Loaded Objects now: 4131.
Total: 4.755800 ms (FindLiveObjects: 0.700500 ms CreateObjectMapping: 0.409000 ms MarkObjects: 3.442900 ms  DeleteObjects: 0.201600 ms)

========================================================================
Received Prepare
Registering precompiled user dll's ...
Registered in 0.003868 seconds.
Begin MonoManager ReloadAssembly
Native extension for LinuxStandalone target not found
Native extension for WindowsStandalone target not found
Native extension for WebGL target not found
Refreshing native plugins compatible for Editor in 1.01 ms, found 4 plugins.
Preloading 0 native plugins for Editor in 0.00 ms.
Mono: successfully reloaded assembly
- Completed reload, in  1.721 seconds
Platform modules already initialized, skipping
Shader 'Universal Render Pipeline/Particles/Lit': fallback shader 'Universal Render Pipeline/Particles/SimpleLit' not found
Refreshing native plugins compatible for Editor in 0.97 ms, found 4 plugins.
Preloading 0 native plugins for Editor in 0.00 ms.
Unloading 3423 Unused Serialized files (Serialized files now loaded: 0)
System memory in use before: 164.9 MB.
System memory in use after: 165.0 MB.

Unloading 20 unused Assets to reduce memory usage. Loaded Objects now: 4135.
Total: 3.913400 ms (FindLiveObjects: 0.466000 ms CreateObjectMapping: 0.116200 ms MarkObjects: 3.127300 ms  DeleteObjects: 0.202000 ms)

========================================================================
Received Prepare
Registering precompiled user dll's ...
Registered in 0.003943 seconds.
Begin MonoManager ReloadAssembly
Native extension for LinuxStandalone target not found
Native extension for WindowsStandalone target not found
Native extension for WebGL target not found
Refreshing native plugins compatible for Editor in 0.95 ms, found 4 plugins.
Preloading 0 native plugins for Editor in 0.00 ms.
Mono: successfully reloaded assembly
- Completed reload, in  1.851 seconds
Platform modules already initialized, skipping
Shader 'Universal Render Pipeline/Particles/Lit': fallback shader 'Universal Render Pipeline/Particles/SimpleLit' not found
Refreshing native plugins compatible for Editor in 0.84 ms, found 4 plugins.
Preloading 0 native plugins for Editor in 0.00 ms.
Unloading 3423 Unused Serialized files (Serialized files now loaded: 0)
System memory in use before: 164.9 MB.
System memory in use after: 165.0 MB.

Unloading 20 unused Assets to reduce memory usage. Loaded Objects now: 4139.
Total: 4.409600 ms (FindLiveObjects: 0.666800 ms CreateObjectMapping: 0.161900 ms MarkObjects: 3.385000 ms  DeleteObjects: 0.194300 ms)

========================================================================
Received Prepare
Registering precompiled user dll's ...
Registered in 0.003518 seconds.
Begin MonoManager ReloadAssembly
Native extension for LinuxStandalone target not found
Native extension for WindowsStandalone target not found
Native extension for WebGL target not found
Refreshing native plugins compatible for Editor in 0.99 ms, found 4 plugins.
Preloading 0 native plugins for Editor in 0.00 ms.
Mono: successfully reloaded assembly
- Completed reload, in  1.721 seconds
Platform modules already initialized, skipping
Shader 'Universal Render Pipeline/Particles/Lit': fallback shader 'Universal Render Pipeline/Particles/SimpleLit' not found
Refreshing native plugins compatible for Editor in 0.85 ms, found 4 plugins.
Preloading 0 native plugins for Editor in 0.00 ms.
Unloading 3423 Unused Serialized files (Serialized files now loaded: 0)
System memory in use before: 165.0 MB.
System memory in use after: 165.1 MB.

Unloading 20 unused Assets to reduce memory usage. Loaded Objects now: 4143.
Total: 5.139800 ms (FindLiveObjects: 0.579300 ms CreateObjectMapping: 0.264500 ms MarkObjects: 4.067400 ms  DeleteObjects: 0.226900 ms)

========================================================================
Received Prepare
Registering precompiled user dll's ...
Registered in 0.005024 seconds.
Begin MonoManager ReloadAssembly
Native extension for LinuxStandalone target not found
Native extension for WindowsStandalone target not found
Native extension for WebGL target not found
Refreshing native plugins compatible for Editor in 1.59 ms, found 4 plugins.
Preloading 0 native plugins for Editor in 0.00 ms.
Mono: successfully reloaded assembly
- Completed reload, in  2.528 seconds
Platform modules already initialized, skipping
Shader 'Universal Render Pipeline/Particles/Lit': fallback shader 'Universal Render Pipeline/Particles/SimpleLit' not found
Refreshing native plugins compatible for Editor in 1.03 ms, found 4 plugins.
Preloading 0 native plugins for Editor in 0.00 ms.
Unloading 3423 Unused Serialized files (Serialized files now loaded: 0)
System memory in use before: 165.0 MB.
System memory in use after: 165.1 MB.

Unloading 20 unused Assets to reduce memory usage. Loaded Objects now: 4147.
Total: 4.529800 ms (FindLiveObjects: 0.452500 ms CreateObjectMapping: 0.113900 ms MarkObjects: 3.758400 ms  DeleteObjects: 0.203000 ms)

========================================================================
Received Prepare
Registering precompiled user dll's ...
Registered in 0.005126 seconds.
Begin MonoManager ReloadAssembly
Native extension for LinuxStandalone target not found
Native extension for WindowsStandalone target not found
Native extension for WebGL target not found
Refreshing native plugins compatible for Editor in 1.10 ms, found 4 plugins.
Preloading 0 native plugins for Editor in 0.00 ms.
Mono: successfully reloaded assembly
- Completed reload, in  1.979 seconds
Platform modules already initialized, skipping
Shader 'Universal Render Pipeline/Particles/Lit': fallback shader 'Universal Render Pipeline/Particles/SimpleLit' not found
Refreshing native plugins compatible for Editor in 0.87 ms, found 4 plugins.
Preloading 0 native plugins for Editor in 0.00 ms.
Unloading 3423 Unused Serialized files (Serialized files now loaded: 0)
System memory in use before: 165.0 MB.
System memory in use after: 165.1 MB.

Unloading 20 unused Assets to reduce memory usage. Loaded Objects now: 4151.
Total: 4.964500 ms (FindLiveObjects: 0.919400 ms CreateObjectMapping: 0.314000 ms MarkObjects: 3.513300 ms  DeleteObjects: 0.215700 ms)

========================================================================
Received Prepare
Registering precompiled user dll's ...
Registered in 0.005245 seconds.
Begin MonoManager ReloadAssembly
Native extension for LinuxStandalone target not found
Native extension for WindowsStandalone target not found
Native extension for WebGL target not found
Refreshing native plugins compatible for Editor in 1.04 ms, found 4 plugins.
Preloading 0 native plugins for Editor in 0.00 ms.
Mono: successfully reloaded assembly
- Completed reload, in  1.634 seconds
Platform modules already initialized, skipping
Shader 'Universal Render Pipeline/Particles/Lit': fallback shader 'Universal Render Pipeline/Particles/SimpleLit' not found
Refreshing native plugins compatible for Editor in 0.95 ms, found 4 plugins.
Preloading 0 native plugins for Editor in 0.00 ms.
Unloading 3423 Unused Serialized files (Serialized files now loaded: 0)
System memory in use before: 165.0 MB.
System memory in use after: 165.1 MB.

Unloading 20 unused Assets to reduce memory usage. Loaded Objects now: 4155.
Total: 6.880200 ms (FindLiveObjects: 0.690400 ms CreateObjectMapping: 0.270900 ms MarkObjects: 5.653000 ms  DeleteObjects: 0.264200 ms)

========================================================================
Received Prepare
Registering precompiled user dll's ...
Registered in 0.004804 seconds.
Begin MonoManager ReloadAssembly
Native extension for LinuxStandalone target not found
Native extension for WindowsStandalone target not found
Native extension for WebGL target not found
Refreshing native plugins compatible for Editor in 2.00 ms, found 4 plugins.
Preloading 0 native plugins for Editor in 0.00 ms.
Mono: successfully reloaded assembly
- Completed reload, in  2.771 seconds
Platform modules already initialized, skipping
Shader 'Universal Render Pipeline/Particles/Lit': fallback shader 'Universal Render Pipeline/Particles/SimpleLit' not found
Refreshing native plugins compatible for Editor in 1.18 ms, found 4 plugins.
Preloading 0 native plugins for Editor in 0.00 ms.
Unloading 3423 Unused Serialized files (Serialized files now loaded: 0)
System memory in use before: 165.0 MB.
System memory in use after: 165.1 MB.

Unloading 20 unused Assets to reduce memory usage. Loaded Objects now: 4159.
Total: 6.247900 ms (FindLiveObjects: 0.498500 ms CreateObjectMapping: 0.150100 ms MarkObjects: 5.332600 ms  DeleteObjects: 0.264000 ms)

========================================================================
Received Prepare
Registering precompiled user dll's ...
Registered in 0.003712 seconds.
Begin MonoManager ReloadAssembly
Native extension for LinuxStandalone target not found
Native extension for WindowsStandalone target not found
Native extension for WebGL target not found
Refreshing native plugins compatible for Editor in 1.03 ms, found 4 plugins.
Preloading 0 native plugins for Editor in 0.00 ms.
Mono: successfully reloaded assembly
- Completed reload, in  1.928 seconds
Platform modules already initialized, skipping
Shader 'Universal Render Pipeline/Particles/Lit': fallback shader 'Universal Render Pipeline/Particles/SimpleLit' not found
Refreshing native plugins compatible for Editor in 1.33 ms, found 4 plugins.
Preloading 0 native plugins for Editor in 0.00 ms.
Unloading 3423 Unused Serialized files (Serialized files now loaded: 0)
System memory in use before: 165.2 MB.
System memory in use after: 165.3 MB.

Unloading 20 unused Assets to reduce memory usage. Loaded Objects now: 4163.
Total: 8.767500 ms (FindLiveObjects: 0.614000 ms CreateObjectMapping: 0.243700 ms MarkObjects: 7.597800 ms  DeleteObjects: 0.309900 ms)

========================================================================
Received Prepare
Registering precompiled user dll's ...
Registered in 0.004450 seconds.
Begin MonoManager ReloadAssembly
Native extension for LinuxStandalone target not found
Native extension for WindowsStandalone target not found
Native extension for WebGL target not found
Refreshing native plugins compatible for Editor in 1.08 ms, found 4 plugins.
Preloading 0 native plugins for Editor in 0.00 ms.
Mono: successfully reloaded assembly
- Completed reload, in  1.576 seconds
Platform modules already initialized, skipping
Shader 'Universal Render Pipeline/Particles/Lit': fallback shader 'Universal Render Pipeline/Particles/SimpleLit' not found
Refreshing native plugins compatible for Editor in 0.83 ms, found 4 plugins.
Preloading 0 native plugins for Editor in 0.00 ms.
Unloading 3423 Unused Serialized files (Serialized files now loaded: 0)
System memory in use before: 165.2 MB.
System memory in use after: 165.3 MB.

Unloading 20 unused Assets to reduce memory usage. Loaded Objects now: 4167.
Total: 3.939000 ms (FindLiveObjects: 0.415600 ms CreateObjectMapping: 0.111500 ms MarkObjects: 3.234200 ms  DeleteObjects: 0.175900 ms)

========================================================================
Received Prepare
Registering precompiled user dll's ...
Registered in 0.007824 seconds.
Begin MonoManager ReloadAssembly
Native extension for LinuxStandalone target not found
Native extension for WindowsStandalone target not found
Native extension for WebGL target not found
Refreshing native plugins compatible for Editor in 1.13 ms, found 4 plugins.
Preloading 0 native plugins for Editor in 0.00 ms.
Mono: successfully reloaded assembly
- Completed reload, in  1.612 seconds
Platform modules already initialized, skipping
Shader 'Universal Render Pipeline/Particles/Lit': fallback shader 'Universal Render Pipeline/Particles/SimpleLit' not found
Refreshing native plugins compatible for Editor in 0.84 ms, found 4 plugins.
Preloading 0 native plugins for Editor in 0.00 ms.
Unloading 3423 Unused Serialized files (Serialized files now loaded: 0)
System memory in use before: 165.2 MB.
System memory in use after: 165.3 MB.

Unloading 20 unused Assets to reduce memory usage. Loaded Objects now: 4171.
Total: 5.651000 ms (FindLiveObjects: 0.502200 ms CreateObjectMapping: 0.486600 ms MarkObjects: 4.308800 ms  DeleteObjects: 0.351400 ms)

========================================================================
Received Prepare
Registering precompiled user dll's ...
Registered in 0.003966 seconds.
Begin MonoManager ReloadAssembly
Native extension for LinuxStandalone target not found
Native extension for WindowsStandalone target not found
Native extension for WebGL target not found
Refreshing native plugins compatible for Editor in 1.05 ms, found 4 plugins.
Preloading 0 native plugins for Editor in 0.00 ms.
Mono: successfully reloaded assembly
- Completed reload, in  2.865 seconds
Platform modules already initialized, skipping
Shader 'Universal Render Pipeline/Particles/Lit': fallback shader 'Universal Render Pipeline/Particles/SimpleLit' not found
Refreshing native plugins compatible for Editor in 0.93 ms, found 4 plugins.
Preloading 0 native plugins for Editor in 0.00 ms.
Unloading 3423 Unused Serialized files (Serialized files now loaded: 0)
System memory in use before: 165.2 MB.
System memory in use after: 165.3 MB.

Unloading 20 unused Assets to reduce memory usage. Loaded Objects now: 4175.
Total: 5.905600 ms (FindLiveObjects: 0.776400 ms CreateObjectMapping: 0.303900 ms MarkObjects: 4.634700 ms  DeleteObjects: 0.188800 ms)

========================================================================
Received Import Request.
  Time since last request: 1677.192147 seconds.
  path: Assets/Scenes/Scoring.unity
  artifactKey: Guid(3c002eb4bb9ff4f4f96b590767289871) Importer(815301076,1909f56bfc062723c751e8b465ee728b)
Start importing Assets/Scenes/Scoring.unity using Guid(3c002eb4bb9ff4f4f96b590767289871) Importer(815301076,1909f56bfc062723c751e8b465ee728b)  -> (artifact id: 'ffe8d0bc3060d66604263409524de6a2') in 0.038865 seconds
  Import took 0.050684 seconds .

========================================================================
Received Prepare
Registering precompiled user dll's ...
Registered in 0.003489 seconds.
Begin MonoManager ReloadAssembly
Native extension for LinuxStandalone target not found
Native extension for WindowsStandalone target not found
Native extension for WebGL target not found
Refreshing native plugins compatible for Editor in 0.86 ms, found 4 plugins.
Preloading 0 native plugins for Editor in 0.00 ms.
Mono: successfully reloaded assembly
- Completed reload, in  1.604 seconds
Platform modules already initialized, skipping
Shader 'Universal Render Pipeline/Particles/Lit': fallback shader 'Universal Render Pipeline/Particles/SimpleLit' not found
Refreshing native plugins compatible for Editor in 1.78 ms, found 4 plugins.
Preloading 0 native plugins for Editor in 0.00 ms.
Unloading 3423 Unused Serialized files (Serialized files now loaded: 0)
System memory in use before: 165.2 MB.
System memory in use after: 165.3 MB.

Unloading 20 unused Assets to reduce memory usage. Loaded Objects now: 4179.
Total: 11.766300 ms (FindLiveObjects: 4.485200 ms CreateObjectMapping: 0.693700 ms MarkObjects: 6.308800 ms  DeleteObjects: 0.275700 ms)

========================================================================
Received Prepare
Registering precompiled user dll's ...
Registered in 0.003846 seconds.
Begin MonoManager ReloadAssembly
Native extension for LinuxStandalone target not found
Native extension for WindowsStandalone target not found
Native extension for WebGL target not found
Refreshing native plugins compatible for Editor in 1.50 ms, found 4 plugins.
Preloading 0 native plugins for Editor in 0.00 ms.
Mono: successfully reloaded assembly
- Completed reload, in  2.076 seconds
Platform modules already initialized, skipping
Shader 'Universal Render Pipeline/Particles/Lit': fallback shader 'Universal Render Pipeline/Particles/SimpleLit' not found
Refreshing native plugins compatible for Editor in 1.39 ms, found 4 plugins.
Preloading 0 native plugins for Editor in 0.00 ms.
Unloading 3423 Unused Serialized files (Serialized files now loaded: 0)
System memory in use before: 165.2 MB.
System memory in use after: 165.3 MB.

Unloading 20 unused Assets to reduce memory usage. Loaded Objects now: 4183.
Total: 10.141100 ms (FindLiveObjects: 0.923300 ms CreateObjectMapping: 0.358200 ms MarkObjects: 8.505900 ms  DeleteObjects: 0.350400 ms)

========================================================================
Received Import Request.
  Time since last request: 179.884314 seconds.
  path: Assets/Scenes/Game Demo Proto.unity
  artifactKey: Guid(710892bdb2f1d7841a1f4fe353032aa0) Importer(815301076,1909f56bfc062723c751e8b465ee728b)
Start importing Assets/Scenes/Game Demo Proto.unity using Guid(710892bdb2f1d7841a1f4fe353032aa0) Importer(815301076,1909f56bfc062723c751e8b465ee728b)  -> (artifact id: '4cc8c029e92d81a022446ba9641a58d1') in 0.054829 seconds
  Import took 0.068475 seconds .

========================================================================
Received Import Request.
  Time since last request: 0.000274 seconds.
  path: Assets/Scenes/MainMenu.unity
  artifactKey: Guid(2b56c7fc13e75764e9a499231fd16781) Importer(815301076,1909f56bfc062723c751e8b465ee728b)
Start importing Assets/Scenes/MainMenu.unity using Guid(2b56c7fc13e75764e9a499231fd16781) Importer(815301076,1909f56bfc062723c751e8b465ee728b)  -> (artifact id: 'f81b9a637fc45977e0a91717d2284e25') in 0.005114 seconds
  Import took 0.014414 seconds .

========================================================================
Received Import Request.
  Time since last request: 0.018917 seconds.
  path: Assets/Scenes/MainMenu.unity
  artifactKey: Guid(2b56c7fc13e75764e9a499231fd16781) Importer(815301076,1909f56bfc062723c751e8b465ee728b)
Start importing Assets/Scenes/MainMenu.unity using Guid(2b56c7fc13e75764e9a499231fd16781) Importer(815301076,1909f56bfc062723c751e8b465ee728b)  -> (artifact id: 'f81b9a637fc45977e0a91717d2284e25') in 0.020854 seconds
  Import took 0.028401 seconds .

========================================================================
Received Prepare
Registering precompiled user dll's ...
Registered in 0.004410 seconds.
Begin MonoManager ReloadAssembly
Native extension for LinuxStandalone target not found
Native extension for WindowsStandalone target not found
Native extension for WebGL target not found
Refreshing native plugins compatible for Editor in 1.26 ms, found 4 plugins.
Preloading 0 native plugins for Editor in 0.00 ms.
Mono: successfully reloaded assembly
- Completed reload, in  2.031 seconds
Platform modules already initialized, skipping
Shader 'Universal Render Pipeline/Particles/Lit': fallback shader 'Universal Render Pipeline/Particles/SimpleLit' not found
Refreshing native plugins compatible for Editor in 1.24 ms, found 4 plugins.
Preloading 0 native plugins for Editor in 0.00 ms.
Unloading 3423 Unused Serialized files (Serialized files now loaded: 0)
System memory in use before: 165.3 MB.
System memory in use after: 165.4 MB.

Unloading 20 unused Assets to reduce memory usage. Loaded Objects now: 4187.
Total: 5.559100 ms (FindLiveObjects: 0.910300 ms CreateObjectMapping: 0.526400 ms MarkObjects: 3.923800 ms  DeleteObjects: 0.196900 ms)

========================================================================
Received Prepare
Registering precompiled user dll's ...
Registered in 0.003684 seconds.
Begin MonoManager ReloadAssembly
Native extension for LinuxStandalone target not found
Native extension for WindowsStandalone target not found
Native extension for WebGL target not found
Refreshing native plugins compatible for Editor in 1.09 ms, found 4 plugins.
Preloading 0 native plugins for Editor in 0.00 ms.
Mono: successfully reloaded assembly
- Completed reload, in  1.898 seconds
Platform modules already initialized, skipping
Shader 'Universal Render Pipeline/Particles/Lit': fallback shader 'Universal Render Pipeline/Particles/SimpleLit' not found
Refreshing native plugins compatible for Editor in 1.10 ms, found 4 plugins.
Preloading 0 native plugins for Editor in 0.00 ms.
Unloading 3423 Unused Serialized files (Serialized files now loaded: 0)
System memory in use before: 165.3 MB.
System memory in use after: 165.4 MB.

Unloading 20 unused Assets to reduce memory usage. Loaded Objects now: 4191.
Total: 5.098500 ms (FindLiveObjects: 0.501800 ms CreateObjectMapping: 0.245800 ms MarkObjects: 4.163700 ms  DeleteObjects: 0.184900 ms)

========================================================================
Received Prepare
Registering precompiled user dll's ...
Registered in 0.003302 seconds.
Begin MonoManager ReloadAssembly
Native extension for LinuxStandalone target not found
Native extension for WindowsStandalone target not found
Native extension for WebGL target not found
Refreshing native plugins compatible for Editor in 0.85 ms, found 4 plugins.
Preloading 0 native plugins for Editor in 0.00 ms.
Mono: successfully reloaded assembly
- Completed reload, in  1.925 seconds
Platform modules already initialized, skipping
Shader 'Universal Render Pipeline/Particles/Lit': fallback shader 'Universal Render Pipeline/Particles/SimpleLit' not found
Refreshing native plugins compatible for Editor in 1.65 ms, found 4 plugins.
Preloading 0 native plugins for Editor in 0.00 ms.
Unloading 3423 Unused Serialized files (Serialized files now loaded: 0)
System memory in use before: 165.3 MB.
System memory in use after: 165.4 MB.

Unloading 20 unused Assets to reduce memory usage. Loaded Objects now: 4195.
Total: 12.213300 ms (FindLiveObjects: 1.363000 ms CreateObjectMapping: 0.482200 ms MarkObjects: 9.934000 ms  DeleteObjects: 0.429900 ms)

========================================================================
Received Prepare
Registering precompiled user dll's ...
Registered in 0.004272 seconds.
Begin MonoManager ReloadAssembly
Native extension for LinuxStandalone target not found
Native extension for WindowsStandalone target not found
Native extension for WebGL target not found
Refreshing native plugins compatible for Editor in 1.04 ms, found 4 plugins.
Preloading 0 native plugins for Editor in 0.00 ms.
Mono: successfully reloaded assembly
- Completed reload, in  1.994 seconds
Platform modules already initialized, skipping
Shader 'Universal Render Pipeline/Particles/Lit': fallback shader 'Universal Render Pipeline/Particles/SimpleLit' not found
Refreshing native plugins compatible for Editor in 1.59 ms, found 4 plugins.
Preloading 0 native plugins for Editor in 0.00 ms.
Unloading 3423 Unused Serialized files (Serialized files now loaded: 0)
System memory in use before: 165.3 MB.
System memory in use after: 165.4 MB.

Unloading 20 unused Assets to reduce memory usage. Loaded Objects now: 4199.
Total: 6.143300 ms (FindLiveObjects: 0.982000 ms CreateObjectMapping: 0.539300 ms MarkObjects: 4.451700 ms  DeleteObjects: 0.168200 ms)

========================================================================
Received Prepare
Registering precompiled user dll's ...
Registered in 0.006283 seconds.
Begin MonoManager ReloadAssembly
Native extension for LinuxStandalone target not found
Native extension for WindowsStandalone target not found
Native extension for WebGL target not found
Refreshing native plugins compatible for Editor in 0.99 ms, found 4 plugins.
Preloading 0 native plugins for Editor in 0.00 ms.
Mono: successfully reloaded assembly
- Completed reload, in  1.957 seconds
Platform modules already initialized, skipping
Shader 'Universal Render Pipeline/Particles/Lit': fallback shader 'Universal Render Pipeline/Particles/SimpleLit' not found
Refreshing native plugins compatible for Editor in 1.06 ms, found 4 plugins.
Preloading 0 native plugins for Editor in 0.00 ms.
Unloading 3423 Unused Serialized files (Serialized files now loaded: 0)
System memory in use before: 165.3 MB.
System memory in use after: 165.4 MB.

Unloading 20 unused Assets to reduce memory usage. Loaded Objects now: 4203.
Total: 5.535400 ms (FindLiveObjects: 0.570400 ms CreateObjectMapping: 0.163000 ms MarkObjects: 4.566100 ms  DeleteObjects: 0.234200 ms)

========================================================================
Received Prepare
Registering precompiled user dll's ...
Registered in 0.006148 seconds.
Begin MonoManager ReloadAssembly
Native extension for LinuxStandalone target not found
Native extension for WindowsStandalone target not found
Native extension for WebGL target not found
Refreshing native plugins compatible for Editor in 1.19 ms, found 4 plugins.
Preloading 0 native plugins for Editor in 0.00 ms.
Mono: successfully reloaded assembly
- Completed reload, in  1.960 seconds
Platform modules already initialized, skipping
Shader 'Universal Render Pipeline/Particles/Lit': fallback shader 'Universal Render Pipeline/Particles/SimpleLit' not found
Refreshing native plugins compatible for Editor in 1.03 ms, found 4 plugins.
Preloading 0 native plugins for Editor in 0.00 ms.
Unloading 3423 Unused Serialized files (Serialized files now loaded: 0)
System memory in use before: 165.3 MB.
System memory in use after: 165.4 MB.

Unloading 20 unused Assets to reduce memory usage. Loaded Objects now: 4207.
Total: 4.703000 ms (FindLiveObjects: 1.026000 ms CreateObjectMapping: 0.270900 ms MarkObjects: 3.229900 ms  DeleteObjects: 0.174500 ms)

========================================================================
Received Prepare
Registering precompiled user dll's ...
Registered in 0.005875 seconds.
Begin MonoManager ReloadAssembly
Native extension for LinuxStandalone target not found
Native extension for WindowsStandalone target not found
Native extension for WebGL target not found
Refreshing native plugins compatible for Editor in 1.53 ms, found 4 plugins.
Preloading 0 native plugins for Editor in 0.00 ms.
Mono: successfully reloaded assembly
- Completed reload, in  1.869 seconds
Platform modules already initialized, skipping
Shader 'Universal Render Pipeline/Particles/Lit': fallback shader 'Universal Render Pipeline/Particles/SimpleLit' not found
Refreshing native plugins compatible for Editor in 1.29 ms, found 4 plugins.
Preloading 0 native plugins for Editor in 0.00 ms.
Unloading 3423 Unused Serialized files (Serialized files now loaded: 0)
System memory in use before: 165.3 MB.
System memory in use after: 165.4 MB.

Unloading 20 unused Assets to reduce memory usage. Loaded Objects now: 4211.
Total: 7.468000 ms (FindLiveObjects: 0.670800 ms CreateObjectMapping: 0.236400 ms MarkObjects: 6.257400 ms  DeleteObjects: 0.300700 ms)

========================================================================
Received Prepare
Registering precompiled user dll's ...
Registered in 0.004634 seconds.
Begin MonoManager ReloadAssembly
Native extension for LinuxStandalone target not found
Native extension for WindowsStandalone target not found
Native extension for WebGL target not found
Refreshing native plugins compatible for Editor in 1.05 ms, found 4 plugins.
Preloading 0 native plugins for Editor in 0.00 ms.
Mono: successfully reloaded assembly
- Completed reload, in  1.918 seconds
Platform modules already initialized, skipping
Shader 'Universal Render Pipeline/Particles/Lit': fallback shader 'Universal Render Pipeline/Particles/SimpleLit' not found
Refreshing native plugins compatible for Editor in 0.97 ms, found 4 plugins.
Preloading 0 native plugins for Editor in 0.00 ms.
Unloading 3423 Unused Serialized files (Serialized files now loaded: 0)
System memory in use before: 165.3 MB.
System memory in use after: 165.4 MB.

Unloading 20 unused Assets to reduce memory usage. Loaded Objects now: 4215.
Total: 7.450100 ms (FindLiveObjects: 0.776300 ms CreateObjectMapping: 0.557000 ms MarkObjects: 5.863400 ms  DeleteObjects: 0.251200 ms)

========================================================================
Received Prepare
Registering precompiled user dll's ...
Registered in 0.003707 seconds.
Begin MonoManager ReloadAssembly
Native extension for LinuxStandalone target not found
Native extension for WindowsStandalone target not found
Native extension for WebGL target not found
Refreshing native plugins compatible for Editor in 1.15 ms, found 4 plugins.
Preloading 0 native plugins for Editor in 0.00 ms.
Mono: successfully reloaded assembly
- Completed reload, in  2.679 seconds
Platform modules already initialized, skipping
Shader 'Universal Render Pipeline/Particles/Lit': fallback shader 'Universal Render Pipeline/Particles/SimpleLit' not found
Refreshing native plugins compatible for Editor in 1.53 ms, found 4 plugins.
Preloading 0 native plugins for Editor in 0.00 ms.
Unloading 3423 Unused Serialized files (Serialized files now loaded: 0)
System memory in use before: 165.3 MB.
System memory in use after: 165.5 MB.

Unloading 20 unused Assets to reduce memory usage. Loaded Objects now: 4219.
Total: 5.006700 ms (FindLiveObjects: 0.526700 ms CreateObjectMapping: 0.141200 ms MarkObjects: 4.044700 ms  DeleteObjects: 0.292300 ms)

========================================================================
Received Prepare
Registering precompiled user dll's ...
Registered in 0.003618 seconds.
Begin MonoManager ReloadAssembly
Native extension for LinuxStandalone target not found
Native extension for WindowsStandalone target not found
Native extension for WebGL target not found
Refreshing native plugins compatible for Editor in 1.61 ms, found 4 plugins.
Preloading 0 native plugins for Editor in 0.00 ms.
Mono: successfully reloaded assembly
- Completed reload, in  1.842 seconds
Platform modules already initialized, skipping
Shader 'Universal Render Pipeline/Particles/Lit': fallback shader 'Universal Render Pipeline/Particles/SimpleLit' not found
Refreshing native plugins compatible for Editor in 5.54 ms, found 4 plugins.
Preloading 0 native plugins for Editor in 0.00 ms.
Unloading 3423 Unused Serialized files (Serialized files now loaded: 0)
System memory in use before: 165.4 MB.
System memory in use after: 165.5 MB.

Unloading 20 unused Assets to reduce memory usage. Loaded Objects now: 4223.
Total: 15.103100 ms (FindLiveObjects: 1.971400 ms CreateObjectMapping: 0.838200 ms MarkObjects: 11.638700 ms  DeleteObjects: 0.649300 ms)

========================================================================
Received Prepare
Registering precompiled user dll's ...
Registered in 0.004072 seconds.
Begin MonoManager ReloadAssembly
Native extension for LinuxStandalone target not found
Native extension for WindowsStandalone target not found
Native extension for WebGL target not found
Refreshing native plugins compatible for Editor in 0.86 ms, found 4 plugins.
Preloading 0 native plugins for Editor in 0.00 ms.
Mono: successfully reloaded assembly
- Completed reload, in  1.602 seconds
Platform modules already initialized, skipping
Shader 'Universal Render Pipeline/Particles/Lit': fallback shader 'Universal Render Pipeline/Particles/SimpleLit' not found
Refreshing native plugins compatible for Editor in 0.84 ms, found 4 plugins.
Preloading 0 native plugins for Editor in 0.00 ms.
Unloading 3423 Unused Serialized files (Serialized files now loaded: 0)
System memory in use before: 165.4 MB.
System memory in use after: 165.5 MB.

Unloading 20 unused Assets to reduce memory usage. Loaded Objects now: 4227.
Total: 4.981200 ms (FindLiveObjects: 0.657200 ms CreateObjectMapping: 0.238400 ms MarkObjects: 3.908000 ms  DeleteObjects: 0.175500 ms)

========================================================================
Received Prepare
Shader 'Universal Render Pipeline/Particles/Lit': fallback shader 'Universal Render Pipeline/Particles/SimpleLit' not found
Refreshing native plugins compatible for Editor in 8.76 ms, found 4 plugins.
Preloading 0 native plugins for Editor in 0.00 ms.
Unloading 18 Unused Serialized files (Serialized files now loaded: 0)
System memory in use before: 98.2 MB.
System memory in use after: 98.3 MB.

Unloading 18 unused Assets to reduce memory usage. Loaded Objects now: 4227.
Total: 6.146000 ms (FindLiveObjects: 0.640000 ms CreateObjectMapping: 0.201100 ms MarkObjects: 5.100700 ms  DeleteObjects: 0.200500 ms)

========================================================================
Received Prepare
Shader 'Universal Render Pipeline/Particles/Lit': fallback shader 'Universal Render Pipeline/Particles/SimpleLit' not found
Refreshing native plugins compatible for Editor in 8.37 ms, found 4 plugins.
Preloading 0 native plugins for Editor in 0.00 ms.
Unloading 18 Unused Serialized files (Serialized files now loaded: 0)
System memory in use before: 98.2 MB.
System memory in use after: 98.3 MB.

Unloading 18 unused Assets to reduce memory usage. Loaded Objects now: 4227.
Total: 4.327300 ms (FindLiveObjects: 0.461200 ms CreateObjectMapping: 0.138400 ms MarkObjects: 3.545800 ms  DeleteObjects: 0.179800 ms)

AssetImportWorkerClient::OnTransportError - code=2 error=End of file
