Using pre-set license
Built from '2020.3/staging' branch; Version is '2020.3.4f1 (0abb6314276a) revision 703331'; Using compiler version '192528614'; Build Type 'Release'
OS: 'Windows 10 Home Single Language; OS build 19042.1415; Version 2009; 64bit' Language: 'en' Physical Memory: 15305 MB
BatchMode: 1, IsHumanControllingUs: 0, StartBugReporterOnCrash: 0, Is64bit: 1, IsPro: 0

 COMMAND LINE ARGUMENTS:
C:\Program Files\Unity\Hub\Editor\2020.3.4f1\Editor\Unity.exe
-adb2
-batchMode
-noUpm
-name
AssetImportWorker1
-projectPath
C:/Users/haitsam/Documents/unity/cosmosphere
-logFile
Logs/AssetImportWorker1.log
-srvPort
64386
Successfully changed project path to: C:/Users/haitsam/Documents/unity/cosmosphere
C:/Users/haitsam/Documents/unity/cosmosphere
Using Asset Import Pipeline V2.
Refreshing native plugins compatible for Editor in 107.99 ms, found 1 plugins.
Preloading 0 native plugins for Editor in 0.00 ms.
Initialize engine version: 2020.3.4f1 (0abb6314276a)
[Subsystems] Discovering subsystems at path C:/Program Files/Unity/Hub/Editor/2020.3.4f1/Editor/Data/Resources/UnitySubsystems
[Subsystems] Discovering subsystems at path C:/Users/haitsam/Documents/unity/cosmosphere/Assets
GfxDevice: creating device client; threaded=0
Direct3D:
    Version:  Direct3D 11.0 [level 11.1]
    Renderer: AMD Radeon(TM) Vega 8 Mobile Graphics (ID=0x15dd)
    Vendor:   
    VRAM:     7652 MB
    Driver:   27.20.22002.57
Shader 'Universal Render Pipeline/Particles/Lit': fallback shader 'Universal Render Pipeline/Particles/SimpleLit' not found
Initialize mono
Mono path[0] = 'C:/Program Files/Unity/Hub/Editor/2020.3.4f1/Editor/Data/Managed'
Mono path[1] = 'C:/Program Files/Unity/Hub/Editor/2020.3.4f1/Editor/Data/MonoBleedingEdge/lib/mono/unityjit'
Mono config path = 'C:/Program Files/Unity/Hub/Editor/2020.3.4f1/Editor/Data/MonoBleedingEdge/etc'
Using monoOptions --debugger-agent=transport=dt_socket,embedding=1,server=y,suspend=n,address=127.0.0.1:56724
Begin MonoManager ReloadAssembly
Registering precompiled unity dll's ...
Register platform support module: C:/Program Files/Unity/Hub/Editor/2020.3.4f1/Editor/Data/PlaybackEngines/WebGLSupport/UnityEditor.WebGL.Extensions.dll
Register platform support module: C:/Program Files/Unity/Hub/Editor/2020.3.4f1/Editor/Data/PlaybackEngines/WindowsStandaloneSupport/UnityEditor.WindowsStandalone.Extensions.dll
Register platform support module: C:/Program Files/Unity/Hub/Editor/2020.3.4f1/Editor/Data/PlaybackEngines/LinuxStandaloneSupport/UnityEditor.LinuxStandalone.Extensions.dll
Registered in 0.004396 seconds.
Native extension for LinuxStandalone target not found
Native extension for WindowsStandalone target not found
Native extension for WebGL target not found
Refreshing native plugins compatible for Editor in 110.75 ms, found 1 plugins.
Preloading 0 native plugins for Editor in 0.00 ms.
Mono: successfully reloaded assembly
- Completed reload, in  2.305 seconds
Platform modules already initialized, skipping
Registering precompiled user dll's ...
Registered in 0.003072 seconds.
Begin MonoManager ReloadAssembly
Native extension for LinuxStandalone target not found
Native extension for WindowsStandalone target not found
Native extension for WebGL target not found
Refreshing native plugins compatible for Editor in 101.38 ms, found 1 plugins.
Preloading 0 native plugins for Editor in 0.00 ms.
Mono: successfully reloaded assembly
- Completed reload, in  1.858 seconds
Platform modules already initialized, skipping
========================================================================
Worker process is ready to serve import requests
Shader 'Universal Render Pipeline/Particles/Lit': fallback shader 'Universal Render Pipeline/Particles/SimpleLit' not found
Launched and connected shader compiler UnityShaderCompiler.exe after 0.13 seconds
Refreshing native plugins compatible for Editor in 1.38 ms, found 1 plugins.
Preloading 0 native plugins for Editor in 0.00 ms.
Unloading 3340 Unused Serialized files (Serialized files now loaded: 0)
System memory in use before: 159.2 MB.
System memory in use after: 159.3 MB.

Unloading 27 unused Assets to reduce memory usage. Loaded Objects now: 3800.
Total: 5.927500 ms (FindLiveObjects: 1.358500 ms CreateObjectMapping: 0.384200 ms MarkObjects: 3.942200 ms  DeleteObjects: 0.239900 ms)

========================================================================
Received Import Request.
  path: Assets/Sprites/danmaku/CustomShots-2.png
  artifactKey: Guid(229ec6d79b224f44683e7aadd7190ad0) Importer(815301076,1909f56bfc062723c751e8b465ee728b)
Start importing Assets/Sprites/danmaku/CustomShots-2.png using Guid(229ec6d79b224f44683e7aadd7190ad0) Importer(815301076,1909f56bfc062723c751e8b465ee728b)  -> (artifact id: '0da75f1b2475b4ef8110c9becc106bf6') in 0.121724 seconds
  Import took 0.129022 seconds .

========================================================================
Received Import Request.
  Time since last request: 0.000302 seconds.
  path: Assets/Sprites/danmaku/91834.png
  artifactKey: Guid(7675cbd11b656d546b57aaafffd6c02d) Importer(815301076,1909f56bfc062723c751e8b465ee728b)
Start importing Assets/Sprites/danmaku/91834.png using Guid(7675cbd11b656d546b57aaafffd6c02d) Importer(815301076,1909f56bfc062723c751e8b465ee728b)  -> (artifact id: '562d0be478e7c7365c700de3d4c71e5b') in 0.234181 seconds
  Import took 0.242135 seconds .

========================================================================
Received Import Request.
  Time since last request: 0.000272 seconds.
  path: Assets/Sprites/Environtments/Background.png
  artifactKey: Guid(123daa0e2cd96bd40a73a150c0a9215e) Importer(815301076,1909f56bfc062723c751e8b465ee728b)
Start importing Assets/Sprites/Environtments/Background.png using Guid(123daa0e2cd96bd40a73a150c0a9215e) Importer(815301076,1909f56bfc062723c751e8b465ee728b)  -> (artifact id: 'c97bdb84ffccaada6bce6e3b42481ea2') in 0.076120 seconds
  Import took 0.084032 seconds .

========================================================================
Received Import Request.
  Time since last request: 0.000270 seconds.
  path: Assets/Sprites/Enemies/pesawat.png
  artifactKey: Guid(99baf8b3a92ff704dad7591c38c2c151) Importer(815301076,1909f56bfc062723c751e8b465ee728b)
Start importing Assets/Sprites/Enemies/pesawat.png using Guid(99baf8b3a92ff704dad7591c38c2c151) Importer(815301076,1909f56bfc062723c751e8b465ee728b)  -> (artifact id: 'e990529a113cbbff84f7c57071fa6d34') in 0.076972 seconds
  Import took 0.084433 seconds .

========================================================================
Received Import Request.
  Time since last request: 0.000662 seconds.
  path: Assets/DanmakU
  artifactKey: Guid(6fd631af58144044db65aa529d0b975f) Importer(815301076,1909f56bfc062723c751e8b465ee728b)
Start importing Assets/DanmakU using Guid(6fd631af58144044db65aa529d0b975f) Importer(815301076,1909f56bfc062723c751e8b465ee728b)  -> (artifact id: '37dee8889d3f39ef9b9eb91c49ce37a9') in 0.011572 seconds
  Import took 0.019287 seconds .

========================================================================
Received Import Request.
  Time since last request: 0.000274 seconds.
  path: Assets/Sprites/Environtments/download (1).png
  artifactKey: Guid(809c4eb2424c46a47b6d55635dc7ead4) Importer(815301076,1909f56bfc062723c751e8b465ee728b)
Start importing Assets/Sprites/Environtments/download (1).png using Guid(809c4eb2424c46a47b6d55635dc7ead4) Importer(815301076,1909f56bfc062723c751e8b465ee728b)  -> (artifact id: 'f69905008a72f60f1fdc2e2fafb75442') in 0.046251 seconds
  Import took 0.054866 seconds .

========================================================================
Received Import Request.
  Time since last request: 0.000286 seconds.
  path: Assets/Sprites/Bullets/CircleGradient.png
  artifactKey: Guid(cecea3407896a0143a639c011226f602) Importer(815301076,1909f56bfc062723c751e8b465ee728b)
Start importing Assets/Sprites/Bullets/CircleGradient.png using Guid(cecea3407896a0143a639c011226f602) Importer(815301076,1909f56bfc062723c751e8b465ee728b)  -> (artifact id: '3e7abedb1a44147008d1957ddba7252f') in 0.060410 seconds
  Import took 0.068889 seconds .

========================================================================
Received Import Request.
  Time since last request: 0.000276 seconds.
  path: Assets/Sprites/Enemies/Enemy_Mech.png
  artifactKey: Guid(38e5d5422217fac488ecff865979ced1) Importer(815301076,1909f56bfc062723c751e8b465ee728b)
Start importing Assets/Sprites/Enemies/Enemy_Mech.png using Guid(38e5d5422217fac488ecff865979ced1) Importer(815301076,1909f56bfc062723c751e8b465ee728b)  -> (artifact id: 'ad5c5505cf3e9a0d8667d238d8ddb4fb') in 0.043758 seconds
  Import took 0.052593 seconds .

========================================================================
Received Import Request.
  Time since last request: 0.000289 seconds.
  path: Assets/Sprites/Bullets/Peluru.png
  artifactKey: Guid(af37bb9e886d0544f9677473bbb1216c) Importer(815301076,1909f56bfc062723c751e8b465ee728b)
Start importing Assets/Sprites/Bullets/Peluru.png using Guid(af37bb9e886d0544f9677473bbb1216c) Importer(815301076,1909f56bfc062723c751e8b465ee728b)  -> (artifact id: 'f72b8ea02f3b3056d03f9ffb8bb4e746') in 0.059284 seconds
  Import took 0.067886 seconds .

========================================================================
Received Import Request.
  Time since last request: 116.958923 seconds.
  path: Assets/Scripts/Bullets/EnemyProjectile.cs
  artifactKey: Guid(0fae16945a7bcee489c29f022ca48754) Importer(815301076,1909f56bfc062723c751e8b465ee728b)
Start importing Assets/Scripts/Bullets/EnemyProjectile.cs using Guid(0fae16945a7bcee489c29f022ca48754) Importer(815301076,1909f56bfc062723c751e8b465ee728b)  -> (artifact id: '247c7cba8f980724d3a0ac8f0356a4c5') in 0.018813 seconds
  Import took 0.036093 seconds .

========================================================================
Received Prepare
Registering precompiled user dll's ...
Registered in 0.003024 seconds.
Begin MonoManager ReloadAssembly
Native extension for LinuxStandalone target not found
Native extension for WindowsStandalone target not found
Native extension for WebGL target not found
Refreshing native plugins compatible for Editor in 0.77 ms, found 1 plugins.
Preloading 0 native plugins for Editor in 0.00 ms.
Mono: successfully reloaded assembly
- Completed reload, in  1.649 seconds
Platform modules already initialized, skipping
Shader 'Universal Render Pipeline/Particles/Lit': fallback shader 'Universal Render Pipeline/Particles/SimpleLit' not found
Refreshing native plugins compatible for Editor in 0.85 ms, found 1 plugins.
Preloading 0 native plugins for Editor in 0.00 ms.
Unloading 3226 Unused Serialized files (Serialized files now loaded: 0)
System memory in use before: 155.0 MB.
System memory in use after: 155.1 MB.

Unloading 13 unused Assets to reduce memory usage. Loaded Objects now: 3913.
Total: 6.007800 ms (FindLiveObjects: 0.723400 ms CreateObjectMapping: 0.259800 ms MarkObjects: 4.808600 ms  DeleteObjects: 0.213200 ms)

========================================================================
Received Prepare
Registering precompiled user dll's ...
Registered in 0.004110 seconds.
Begin MonoManager ReloadAssembly
Native extension for LinuxStandalone target not found
Native extension for WindowsStandalone target not found
Native extension for WebGL target not found
Refreshing native plugins compatible for Editor in 1.46 ms, found 1 plugins.
Preloading 0 native plugins for Editor in 0.00 ms.
Mono: successfully reloaded assembly
- Completed reload, in  1.835 seconds
Platform modules already initialized, skipping
Shader 'Universal Render Pipeline/Particles/Lit': fallback shader 'Universal Render Pipeline/Particles/SimpleLit' not found
Refreshing native plugins compatible for Editor in 1.28 ms, found 1 plugins.
Preloading 0 native plugins for Editor in 0.00 ms.
Unloading 3226 Unused Serialized files (Serialized files now loaded: 0)
System memory in use before: 155.1 MB.
System memory in use after: 155.2 MB.

Unloading 13 unused Assets to reduce memory usage. Loaded Objects now: 3917.
Total: 5.969900 ms (FindLiveObjects: 0.821900 ms CreateObjectMapping: 0.383700 ms MarkObjects: 4.359000 ms  DeleteObjects: 0.403000 ms)

========================================================================
Received Import Request.
  Time since last request: 254.895562 seconds.
  path: Assets/Models/Enemy Projectile
  artifactKey: Guid(36e116bf3109f3e4b85c483a247c9a42) Importer(815301076,1909f56bfc062723c751e8b465ee728b)
Start importing Assets/Models/Enemy Projectile using Guid(36e116bf3109f3e4b85c483a247c9a42) Importer(815301076,1909f56bfc062723c751e8b465ee728b)  -> (artifact id: 'dee81ee6dcd5353f18c58ba9dd6b8f80') in 0.018084 seconds
  Import took 0.026384 seconds .

========================================================================
Received Import Request.
  Time since last request: 16.858241 seconds.
  path: Assets/Models/Enemy Projectile/New Flare.flare
  artifactKey: Guid(01d5e65112e509f43aeca267a66e3169) Importer(815301076,1909f56bfc062723c751e8b465ee728b)
Start importing Assets/Models/Enemy Projectile/New Flare.flare using Guid(01d5e65112e509f43aeca267a66e3169) Importer(815301076,1909f56bfc062723c751e8b465ee728b)  -> (artifact id: '6cb27358d9d9149acec1adf6e4c6254f') in 0.028282 seconds
  Import took 0.035342 seconds .

========================================================================
Received Import Request.
  Time since last request: 14.487777 seconds.
  path: Assets/Models/Enemy Projectile/M_EnemyProjectile.mat
  artifactKey: Guid(ef1188d79617bad46834615561d28ab2) Importer(815301076,1909f56bfc062723c751e8b465ee728b)
Start importing Assets/Models/Enemy Projectile/M_EnemyProjectile.mat using Guid(ef1188d79617bad46834615561d28ab2) Importer(815301076,1909f56bfc062723c751e8b465ee728b)  -> (artifact id: '081b8b74af6aa40e3594216d52c3faeb') in 0.278436 seconds
  Import took 0.286697 seconds .

========================================================================
Received Import Request.
  Time since last request: 460.590317 seconds.
  path: Assets/Prefabs/Projectiles/EnemyBullet_tes.prefab
  artifactKey: Guid(935be4f19f7b2614dba8568bc3229cf9) Importer(815301076,1909f56bfc062723c751e8b465ee728b)
Start importing Assets/Prefabs/Projectiles/EnemyBullet_tes.prefab using Guid(935be4f19f7b2614dba8568bc3229cf9) Importer(815301076,1909f56bfc062723c751e8b465ee728b)  -> (artifact id: 'bc0e786315d0deb44d6a2beda1f6cf6c') in 0.053708 seconds
  Import took 0.063865 seconds .

========================================================================
Received Import Request.
  Time since last request: 0.002502 seconds.
  path: Assets/Prefabs/Projectiles/EnemyBullet_tes.prefab
  artifactKey: Guid(935be4f19f7b2614dba8568bc3229cf9) Importer(815301076,1909f56bfc062723c751e8b465ee728b)
Start importing Assets/Prefabs/Projectiles/EnemyBullet_tes.prefab using Guid(935be4f19f7b2614dba8568bc3229cf9) Importer(815301076,1909f56bfc062723c751e8b465ee728b)  -> (artifact id: 'bc0e786315d0deb44d6a2beda1f6cf6c') in 0.016037 seconds
  Import took 0.024294 seconds .

========================================================================
Received Prepare
Registering precompiled user dll's ...
Registered in 0.003080 seconds.
Begin MonoManager ReloadAssembly
Native extension for LinuxStandalone target not found
Native extension for WindowsStandalone target not found
Native extension for WebGL target not found
Refreshing native plugins compatible for Editor in 0.89 ms, found 1 plugins.
Preloading 0 native plugins for Editor in 0.00 ms.
Mono: successfully reloaded assembly
- Completed reload, in  1.592 seconds
Platform modules already initialized, skipping
Shader 'Universal Render Pipeline/Particles/Lit': fallback shader 'Universal Render Pipeline/Particles/SimpleLit' not found
Refreshing native plugins compatible for Editor in 0.83 ms, found 1 plugins.
Preloading 0 native plugins for Editor in 0.00 ms.
Unloading 3226 Unused Serialized files (Serialized files now loaded: 0)
System memory in use before: 157.5 MB.
System memory in use after: 157.7 MB.

Unloading 13 unused Assets to reduce memory usage. Loaded Objects now: 3996.
Total: 4.323600 ms (FindLiveObjects: 0.545300 ms CreateObjectMapping: 0.138900 ms MarkObjects: 3.457800 ms  DeleteObjects: 0.179400 ms)

========================================================================
Received Prepare
Registering precompiled user dll's ...
Registered in 0.002844 seconds.
Begin MonoManager ReloadAssembly
Native extension for LinuxStandalone target not found
Native extension for WindowsStandalone target not found
Native extension for WebGL target not found
Refreshing native plugins compatible for Editor in 0.94 ms, found 1 plugins.
Preloading 0 native plugins for Editor in 0.00 ms.
Mono: successfully reloaded assembly
- Completed reload, in  1.589 seconds
Platform modules already initialized, skipping
Shader 'Universal Render Pipeline/Particles/Lit': fallback shader 'Universal Render Pipeline/Particles/SimpleLit' not found
Refreshing native plugins compatible for Editor in 1.20 ms, found 1 plugins.
Preloading 0 native plugins for Editor in 0.00 ms.
Unloading 3226 Unused Serialized files (Serialized files now loaded: 0)
System memory in use before: 157.6 MB.
System memory in use after: 157.7 MB.

Unloading 13 unused Assets to reduce memory usage. Loaded Objects now: 4000.
Total: 5.250200 ms (FindLiveObjects: 1.105100 ms CreateObjectMapping: 0.312100 ms MarkObjects: 3.640700 ms  DeleteObjects: 0.188800 ms)

========================================================================
Received Import Request.
  Time since last request: 933.452942 seconds.
  path: Assets/Scripts/Characters
  artifactKey: Guid(debdd40d345021a43b59789f09762539) Importer(815301076,1909f56bfc062723c751e8b465ee728b)
Start importing Assets/Scripts/Characters using Guid(debdd40d345021a43b59789f09762539) Importer(815301076,1909f56bfc062723c751e8b465ee728b)  -> (artifact id: '1f09fa39d26a8a6f3391508be8f21986') in 0.020805 seconds
  Import took 0.031803 seconds .

========================================================================
Received Prepare
Registering precompiled user dll's ...
Registered in 0.003068 seconds.
Begin MonoManager ReloadAssembly
Native extension for LinuxStandalone target not found
Native extension for WindowsStandalone target not found
Native extension for WebGL target not found
Refreshing native plugins compatible for Editor in 0.84 ms, found 1 plugins.
Preloading 0 native plugins for Editor in 0.00 ms.
Mono: successfully reloaded assembly
- Completed reload, in  1.603 seconds
Platform modules already initialized, skipping
Shader 'Universal Render Pipeline/Particles/Lit': fallback shader 'Universal Render Pipeline/Particles/SimpleLit' not found
Refreshing native plugins compatible for Editor in 0.84 ms, found 1 plugins.
Preloading 0 native plugins for Editor in 0.00 ms.
Unloading 3226 Unused Serialized files (Serialized files now loaded: 0)
System memory in use before: 157.6 MB.
System memory in use after: 157.7 MB.

Unloading 13 unused Assets to reduce memory usage. Loaded Objects now: 4004.
Total: 5.355300 ms (FindLiveObjects: 0.934700 ms CreateObjectMapping: 0.357800 ms MarkObjects: 3.838400 ms  DeleteObjects: 0.222300 ms)

========================================================================
Received Prepare
Registering precompiled user dll's ...
Registered in 0.002875 seconds.
Begin MonoManager ReloadAssembly
Native extension for LinuxStandalone target not found
Native extension for WindowsStandalone target not found
Native extension for WebGL target not found
Refreshing native plugins compatible for Editor in 0.92 ms, found 1 plugins.
Preloading 0 native plugins for Editor in 0.00 ms.
Mono: successfully reloaded assembly
- Completed reload, in  1.584 seconds
Platform modules already initialized, skipping
Shader 'Universal Render Pipeline/Particles/Lit': fallback shader 'Universal Render Pipeline/Particles/SimpleLit' not found
Refreshing native plugins compatible for Editor in 0.98 ms, found 1 plugins.
Preloading 0 native plugins for Editor in 0.00 ms.
Unloading 3226 Unused Serialized files (Serialized files now loaded: 0)
System memory in use before: 157.6 MB.
System memory in use after: 157.7 MB.

Unloading 13 unused Assets to reduce memory usage. Loaded Objects now: 4008.
Total: 5.518800 ms (FindLiveObjects: 0.547200 ms CreateObjectMapping: 0.164500 ms MarkObjects: 4.573500 ms  DeleteObjects: 0.231200 ms)

========================================================================
Received Import Request.
  Time since last request: 26.623623 seconds.
  path: Assets/Scripts/Characters/Character.cs
  artifactKey: Guid(8f7da772deb21a24a9b6acd38b83d434) Importer(815301076,1909f56bfc062723c751e8b465ee728b)
Start importing Assets/Scripts/Characters/Character.cs using Guid(8f7da772deb21a24a9b6acd38b83d434) Importer(815301076,1909f56bfc062723c751e8b465ee728b)  -> (artifact id: '70e7e68a726306f4b5f6b0caf23b6706') in 0.027856 seconds
  Import took 0.039755 seconds .

========================================================================
Received Prepare
Registering precompiled user dll's ...
Registered in 0.004115 seconds.
Begin MonoManager ReloadAssembly
Native extension for LinuxStandalone target not found
Native extension for WindowsStandalone target not found
Native extension for WebGL target not found
Refreshing native plugins compatible for Editor in 0.86 ms, found 1 plugins.
Preloading 0 native plugins for Editor in 0.00 ms.
Mono: successfully reloaded assembly
- Completed reload, in  1.710 seconds
Platform modules already initialized, skipping
Shader 'Universal Render Pipeline/Particles/Lit': fallback shader 'Universal Render Pipeline/Particles/SimpleLit' not found
Refreshing native plugins compatible for Editor in 0.76 ms, found 1 plugins.
Preloading 0 native plugins for Editor in 0.00 ms.
Unloading 3227 Unused Serialized files (Serialized files now loaded: 0)
System memory in use before: 157.6 MB.
System memory in use after: 157.7 MB.

Unloading 13 unused Assets to reduce memory usage. Loaded Objects now: 4013.
Total: 5.309600 ms (FindLiveObjects: 0.617800 ms CreateObjectMapping: 0.299100 ms MarkObjects: 4.181200 ms  DeleteObjects: 0.209700 ms)

========================================================================
Received Prepare
Registering precompiled user dll's ...
Registered in 0.003428 seconds.
Begin MonoManager ReloadAssembly
Native extension for LinuxStandalone target not found
Native extension for WindowsStandalone target not found
Native extension for WebGL target not found
Refreshing native plugins compatible for Editor in 0.76 ms, found 1 plugins.
Preloading 0 native plugins for Editor in 0.00 ms.
Mono: successfully reloaded assembly
- Completed reload, in  1.564 seconds
Platform modules already initialized, skipping
Shader 'Universal Render Pipeline/Particles/Lit': fallback shader 'Universal Render Pipeline/Particles/SimpleLit' not found
Refreshing native plugins compatible for Editor in 0.76 ms, found 1 plugins.
Preloading 0 native plugins for Editor in 0.00 ms.
Unloading 3227 Unused Serialized files (Serialized files now loaded: 0)
System memory in use before: 157.7 MB.
System memory in use after: 157.8 MB.

Unloading 13 unused Assets to reduce memory usage. Loaded Objects now: 4017.
Total: 5.991700 ms (FindLiveObjects: 0.629000 ms CreateObjectMapping: 0.515600 ms MarkObjects: 4.644700 ms  DeleteObjects: 0.199500 ms)

========================================================================
Received Import Request.
  Time since last request: 516.257507 seconds.
  path: Assets/Scripts/Characters/Character.cs
  artifactKey: Guid(8f7da772deb21a24a9b6acd38b83d434) Importer(815301076,1909f56bfc062723c751e8b465ee728b)
Start importing Assets/Scripts/Characters/Character.cs using Guid(8f7da772deb21a24a9b6acd38b83d434) Importer(815301076,1909f56bfc062723c751e8b465ee728b)  -> (artifact id: '401edc182d95550ec6c37c671b1c9e45') in 0.011297 seconds
  Import took 0.021741 seconds .

========================================================================
Received Prepare
Registering precompiled user dll's ...
Registered in 0.003203 seconds.
Begin MonoManager ReloadAssembly
Native extension for LinuxStandalone target not found
Native extension for WindowsStandalone target not found
Native extension for WebGL target not found
Refreshing native plugins compatible for Editor in 0.86 ms, found 1 plugins.
Preloading 0 native plugins for Editor in 0.00 ms.
Mono: successfully reloaded assembly
- Completed reload, in  1.627 seconds
Platform modules already initialized, skipping
Shader 'Universal Render Pipeline/Particles/Lit': fallback shader 'Universal Render Pipeline/Particles/SimpleLit' not found
Refreshing native plugins compatible for Editor in 0.91 ms, found 1 plugins.
Preloading 0 native plugins for Editor in 0.00 ms.
Unloading 3227 Unused Serialized files (Serialized files now loaded: 0)
System memory in use before: 157.7 MB.
System memory in use after: 157.8 MB.

Unloading 13 unused Assets to reduce memory usage. Loaded Objects now: 4021.
Total: 5.612600 ms (FindLiveObjects: 0.699700 ms CreateObjectMapping: 0.484600 ms MarkObjects: 4.237500 ms  DeleteObjects: 0.188500 ms)

========================================================================
Received Import Request.
  Time since last request: 1126.932903 seconds.
  path: Assets/Scripts/Characters/Character.cs
  artifactKey: Guid(8f7da772deb21a24a9b6acd38b83d434) Importer(815301076,1909f56bfc062723c751e8b465ee728b)
Start importing Assets/Scripts/Characters/Character.cs using Guid(8f7da772deb21a24a9b6acd38b83d434) Importer(815301076,1909f56bfc062723c751e8b465ee728b)  -> (artifact id: 'de16e99db003785a05d7f5c338f2cb24') in 0.010925 seconds
  Import took 0.019754 seconds .

========================================================================
Received Import Request.
  Time since last request: 8.229174 seconds.
  path: Assets/Scripts/Characters/Enemy/Enemy.cs
  artifactKey: Guid(94ba7ebe1389d1643b52fbaefc47b669) Importer(815301076,1909f56bfc062723c751e8b465ee728b)
Start importing Assets/Scripts/Characters/Enemy/Enemy.cs using Guid(94ba7ebe1389d1643b52fbaefc47b669) Importer(815301076,1909f56bfc062723c751e8b465ee728b)  -> (artifact id: '07f3ec9b59f0880412ff0cc21fd38c5a') in 0.014628 seconds
  Import took 0.026707 seconds .

========================================================================
Received Prepare
Registering precompiled user dll's ...
Registered in 0.002362 seconds.
Begin MonoManager ReloadAssembly
Native extension for LinuxStandalone target not found
Native extension for WindowsStandalone target not found
Native extension for WebGL target not found
Refreshing native plugins compatible for Editor in 2.41 ms, found 1 plugins.
Preloading 0 native plugins for Editor in 0.00 ms.
Mono: successfully reloaded assembly
- Completed reload, in  2.033 seconds
Platform modules already initialized, skipping
Shader 'Universal Render Pipeline/Particles/Lit': fallback shader 'Universal Render Pipeline/Particles/SimpleLit' not found
Refreshing native plugins compatible for Editor in 0.74 ms, found 1 plugins.
Preloading 0 native plugins for Editor in 0.00 ms.
Unloading 3228 Unused Serialized files (Serialized files now loaded: 0)
System memory in use before: 157.7 MB.
System memory in use after: 157.8 MB.

Unloading 13 unused Assets to reduce memory usage. Loaded Objects now: 4026.
Total: 4.929000 ms (FindLiveObjects: 0.754200 ms CreateObjectMapping: 0.253800 ms MarkObjects: 3.739600 ms  DeleteObjects: 0.179600 ms)

AssetImportWorkerClient::OnTransportError - code=2 error=End of file
